2021-05-15 01:14:46 - INFO - created account
NoneType: None
2021-05-15 01:15:45 - INFO - created account
2021-05-15 01:23:28 - INFO - created account
2021-05-15 01:23:46 - INFO - log in 
2021-05-15 01:27:22 - INFO - log in
2021-05-15 01:27:54 - INFO - profile added
2021-05-15 01:33:27 - INFO - created account
2021-05-15 01:33:51 - ERROR - ERROR
NoneType: None
2021-05-15 01:34:05 - INFO - log in
2021-05-15 01:34:33 - INFO - profile added
2021-05-15 01:35:09 - INFO - new post added
2021-05-15 01:35:40 - INFO - new friend added
2021-05-15 01:42:17 - INFO - log in
2021-05-15 01:42:35 - INFO - new friend added
2021-05-15 03:06:38 - INFO - created account
2021-05-15 16:08:51 - INFO - created account
2021-05-15 17:25:46 - INFO - created account
2021-05-15 17:38:01 - INFO - created account
2021-05-15 17:38:15 - INFO - log in
2021-05-15 17:40:54 - INFO - created account
2021-05-15 18:23:18 - INFO - created account
2021-05-15 18:23:26 - INFO - log in
2021-05-15 18:30:32 - INFO - log in
2021-05-15 18:30:50 - INFO - new post added
2021-05-15 18:32:53 - INFO - log in
2021-05-15 18:38:51 - INFO - log in
2021-05-15 18:42:39 - INFO - log in
2021-05-15 18:42:57 - INFO - new post added
2021-05-15 22:32:03 - INFO - created account
2021-05-15 22:32:13 - INFO - log in
2021-05-15 22:33:26 - INFO - new post added
2021-05-15 22:38:05 - INFO - created account
2021-05-15 22:38:15 - INFO - log in
2021-05-15 22:45:36 - INFO - created account
2021-05-15 22:45:42 - INFO - log in
2021-05-15 22:46:58 - INFO - log in
2021-05-15 22:47:53 - INFO - log in
2021-05-15 22:48:55 - INFO - log in
2021-05-15 22:52:14 - INFO - log in
2021-05-15 22:53:50 - INFO - log in
2021-05-15 22:54:50 - INFO - log in
2021-05-15 22:55:43 - INFO - log in
2021-05-15 22:56:15 - INFO - log in
2021-05-15 22:56:53 - INFO - log in
2021-05-15 22:57:49 - INFO - log in
2021-05-15 22:58:39 - INFO - log in
2021-05-15 22:59:10 - INFO - log in
2021-05-15 23:00:28 - INFO - new post added
2021-05-15 23:39:06 - INFO - log in
2021-05-15 23:40:01 - INFO - log in
2021-05-15 23:40:23 - INFO - new post added
2021-05-15 23:41:46 - INFO - log in
2021-05-15 23:44:00 - INFO - log in
2021-05-16 00:11:57 - INFO - new post added
2021-05-16 00:17:27 - INFO - created account
2021-05-16 00:17:39 - INFO - log in
2021-05-16 00:19:49 - INFO - log in
2021-05-16 00:20:52 - INFO - log in
2021-05-16 00:21:20 - INFO - new post added
2021-05-16 00:23:25 - INFO - log in
2021-05-16 00:24:44 - INFO - log in
2021-05-16 00:25:34 - INFO - log in
2021-05-16 00:25:52 - INFO - new post added
2021-05-16 00:29:14 - INFO - log in
2021-05-16 00:31:37 - INFO - log in
2021-05-16 00:32:51 - INFO - log in
2021-05-16 00:36:28 - INFO - log in
2021-05-16 00:37:53 - INFO - log in
2021-05-16 00:39:43 - INFO - log in
2021-05-16 00:41:31 - INFO - log in
2021-05-16 00:42:05 - INFO - log in
2021-05-16 00:44:05 - INFO - log in
2021-05-16 00:44:36 - INFO - log in
2021-05-16 00:45:15 - INFO - log in
2021-05-16 00:50:17 - INFO - log in
2021-05-16 00:50:58 - INFO - log in
2021-05-16 00:52:10 - INFO - log in
2021-05-16 00:54:23 - INFO - log in
2021-05-16 00:58:21 - INFO - log in
2021-05-16 00:59:12 - INFO - log in
2021-05-16 01:57:03 - INFO - log in
2021-05-16 01:59:08 - INFO - log in
2021-05-16 02:00:55 - INFO - log in
2021-05-16 02:04:33 - INFO - log in
2021-05-16 02:07:29 - INFO - log in
2021-05-16 02:10:48 - INFO - log in
2021-05-16 02:11:53 - INFO - log in
2021-05-16 02:12:47 - INFO - log in
2021-05-16 02:19:35 - INFO - log in
2021-05-16 02:24:50 - INFO - log in
2021-05-16 02:26:28 - INFO - log in
2021-05-17 07:19:42 - INFO - created account
2021-05-17 07:19:56 - INFO - log in
2021-05-17 07:21:13 - INFO - profile added
2021-05-17 07:21:56 - INFO - new post added
2021-05-17 07:22:21 - INFO - new post added
2021-05-17 07:23:15 - INFO - log in
2021-05-17 07:23:48 - INFO - new post added
2021-05-17 07:24:51 - INFO - new post added
2021-05-17 07:25:26 - INFO - log in
2021-05-17 07:25:57 - INFO - new post added
2021-05-17 07:30:40 - INFO - created account
2021-05-17 07:30:46 - INFO - log in
2021-05-17 07:31:12 - INFO - new post added
2021-05-17 07:31:36 - INFO - new post added
2021-05-17 07:31:55 - INFO - new post added
2021-05-17 07:34:31 - INFO - log in
2021-05-17 07:34:42 - INFO - new post added
2021-05-17 08:21:24 - INFO - created account
2021-05-17 08:21:34 - INFO - log in
2021-05-17 08:21:55 - INFO - new post added
2021-05-17 08:22:46 - INFO - new post added
2021-05-17 08:24:40 - INFO - log in
2021-05-17 08:24:56 - INFO - new post added
2021-05-17 08:25:25 - INFO - new post added
2021-05-17 08:29:50 - INFO - log in
2021-05-17 08:30:02 - INFO - new post added
2021-05-17 08:30:27 - INFO - new post added
2021-05-17 08:39:38 - INFO - log in
2021-05-17 08:39:52 - INFO - new post added
2021-05-17 08:40:10 - INFO - new post added
2021-05-17 08:41:24 - INFO - log in
2021-05-17 08:41:55 - INFO - new post added
2021-05-17 08:42:48 - INFO - log in
2021-05-17 08:43:20 - INFO - new post added
2021-05-17 08:48:40 - INFO - log in
2021-05-17 08:49:17 - INFO - new post added
2021-05-17 08:50:19 - INFO - created account
2021-05-17 08:50:24 - INFO - log in
2021-05-17 08:50:59 - INFO - new post added
2021-05-17 08:51:26 - INFO - new post added
2021-05-17 08:52:44 - INFO - created account
2021-05-17 08:52:51 - INFO - log in
2021-05-17 08:53:12 - INFO - new post added
2021-05-17 08:53:27 - INFO - new post added
2021-05-17 08:53:45 - INFO - new post added
2021-05-17 08:58:23 - INFO - created account
2021-05-17 08:58:34 - INFO - log in
2021-05-17 08:58:43 - INFO - new post added
2021-05-17 08:58:55 - INFO - new post added
2021-05-17 08:59:09 - INFO - new post added
2021-05-17 09:19:20 - INFO - created account
2021-05-17 09:19:25 - INFO - log in
2021-05-17 09:19:41 - INFO - new post added
2021-05-17 09:19:56 - INFO - log in
2021-05-17 09:31:26 - INFO - new post added
2021-05-17 09:33:03 - INFO - log in
2021-05-17 09:33:16 - INFO - new post added
2021-05-17 09:35:04 - INFO - created account
2021-05-17 09:35:11 - INFO - log in
2021-05-17 09:35:35 - INFO - new post added
2021-05-17 09:35:48 - INFO - new post added
2021-05-17 09:37:22 - INFO - created account
2021-05-17 09:37:29 - INFO - log in
2021-05-17 09:37:47 - INFO - new post added
2021-05-17 09:38:45 - INFO - log in
2021-05-17 09:39:09 - INFO - new post added
2021-05-17 09:40:24 - INFO - log in
2021-05-17 09:40:35 - INFO - new post added
2021-05-17 09:40:52 - INFO - new post added
2021-05-17 09:41:51 - INFO - log in
2021-05-17 09:42:03 - INFO - new post added
2021-05-17 09:44:40 - INFO - log in
2021-05-17 09:45:22 - INFO - log in
2021-05-17 09:45:36 - INFO - new post added
2021-05-17 09:46:06 - INFO - log in
2021-05-17 09:46:16 - INFO - new post added
2021-05-17 09:46:30 - INFO - new post added
2021-05-17 09:46:53 - INFO - log in
2021-05-17 09:47:06 - INFO - new post added
2021-05-17 09:47:19 - INFO - new post added
2021-05-17 09:47:48 - INFO - log in
2021-05-17 09:47:58 - INFO - new post added
2021-05-17 10:04:53 - INFO - log in
2021-05-17 10:07:52 - INFO - created account
2021-05-17 10:07:59 - INFO - log in
2021-05-17 10:08:47 - INFO - log in
2021-05-17 10:09:40 - INFO - log in
2021-05-17 10:11:41 - INFO - log in
2021-05-17 10:12:19 - INFO - log in
2021-05-17 10:12:54 - INFO - log in
2021-05-17 10:13:31 - INFO - log in
2021-05-17 10:14:02 - INFO - log in
2021-05-17 10:15:00 - INFO - log in
2021-05-17 10:17:48 - INFO - created account
2021-05-17 10:17:53 - INFO - log in
2021-05-17 10:19:55 - INFO - log in
2021-05-17 14:53:14 - INFO - created account
2021-05-17 14:53:56 - INFO - log in
2021-05-17 14:55:42 - INFO - log in
2021-05-17 14:56:08 - INFO - log in
2021-05-17 14:59:21 - INFO - created account
2021-05-17 14:59:28 - INFO - log in
2021-05-17 15:02:02 - INFO - log in
2021-05-17 15:02:15 - INFO - new post added
2021-05-17 15:02:29 - INFO - new post added
2021-05-17 15:04:54 - INFO - log in
2021-05-17 15:05:05 - INFO - new post added
2021-05-17 15:09:19 - INFO - log in
2021-05-17 15:09:26 - INFO - new post added
2021-05-17 15:11:10 - INFO - log in
2021-05-17 15:11:20 - INFO - new post added
2021-05-17 15:11:32 - INFO - new post added
2021-05-17 15:12:23 - INFO - log in
2021-05-17 15:12:48 - INFO - log in
2021-05-17 15:13:07 - INFO - new post added
2021-05-17 15:14:07 - INFO - log in
2021-05-17 15:14:17 - INFO - new post added
2021-05-17 15:16:51 - INFO - log in
2021-05-17 15:17:02 - INFO - new post added
2021-05-17 15:18:29 - INFO - created account
2021-05-17 15:18:34 - INFO - log in
2021-05-17 15:21:40 - INFO - created account
2021-05-17 15:21:48 - INFO - log in
2021-05-17 15:22:01 - INFO - new post added
2021-05-17 15:22:14 - INFO - new post added
2021-05-17 15:41:00 - INFO - created account
2021-05-17 15:41:07 - INFO - log in
2021-05-17 15:41:19 - INFO - new post added
2021-05-17 15:41:50 - INFO - new post added
2021-05-17 15:42:55 - INFO - created account
2021-05-17 15:43:07 - INFO - log in
2021-05-17 15:43:20 - INFO - new post added
2021-05-17 15:44:02 - INFO - new post added
2021-05-17 15:44:17 - INFO - new post added
2021-05-17 15:44:40 - INFO - log in
2021-05-17 15:44:54 - INFO - new post added
2021-05-17 15:47:41 - INFO - created account
2021-05-17 15:47:52 - INFO - log in
2021-05-17 15:48:05 - INFO - new post added
2021-05-17 15:48:16 - INFO - new post added
2021-05-17 15:50:40 - INFO - created account
2021-05-17 15:50:46 - INFO - log in
2021-05-17 15:50:58 - INFO - new post added
2021-05-17 15:51:11 - INFO - new post added
2021-05-17 15:51:25 - INFO - log in
2021-05-17 15:51:34 - INFO - new post added
2021-05-17 16:22:14 - INFO - log in
2021-05-17 16:22:26 - INFO - new post added
2021-05-17 16:25:04 - INFO - log in
2021-05-17 16:37:08 - INFO - log in
2021-05-17 16:38:13 - INFO - log in
2021-05-17 16:39:17 - INFO - log in
2021-05-17 16:46:03 - INFO - log in
2021-05-17 16:46:55 - INFO - log in
2021-05-17 16:48:39 - INFO - log in
2021-05-17 16:51:47 - INFO - log in
2021-05-17 16:53:27 - INFO - log in
2021-05-17 17:10:26 - INFO - created account
2021-05-17 17:10:33 - INFO - log in
2021-05-17 17:14:47 - INFO - log in
2021-05-17 17:16:58 - INFO - log in
2021-05-17 18:22:39 - INFO - log in
2021-05-17 18:48:54 - INFO - created account
2021-05-17 18:49:02 - INFO - log in
2021-05-17 18:51:18 - INFO - log in
2021-05-17 18:52:52 - INFO - log in
2021-05-17 18:53:57 - INFO - log in
2021-05-17 19:01:37 - INFO - log in
2021-05-17 19:07:00 - INFO - log in
2021-05-17 19:08:03 - INFO - log in
2021-05-17 19:08:56 - INFO - log in
2021-05-17 19:11:07 - INFO - log in
2021-05-17 22:44:10 - INFO - created account
2021-05-17 22:44:20 - INFO - log in
2021-05-17 22:45:44 - INFO - log in
2021-05-18 05:42:53 - INFO - log in
2021-05-18 05:43:59 - INFO - log in
2021-05-18 05:45:17 - INFO - log in
2021-05-18 05:46:17 - INFO - log in
2021-05-18 05:46:57 - INFO - log in
2021-05-18 05:48:22 - INFO - log in
2021-05-18 05:51:44 - INFO - log in
2021-05-18 06:00:08 - INFO - log in
2021-05-18 06:08:32 - INFO - log in
2021-05-18 06:38:44 - INFO - log in
2021-05-18 07:58:30 - INFO - log in
2021-05-18 08:01:08 - INFO - log in
2021-05-18 08:02:06 - INFO - log in
2021-05-18 08:04:03 - INFO - log in
2021-05-18 14:45:22 - INFO - log in
2021-05-18 14:49:09 - INFO - log in
2021-05-21 16:17:53 - INFO - created account
2021-05-21 16:18:16 - INFO - log in
2021-05-22 13:33:22 - INFO - log in
2021-05-22 13:33:58 - INFO - log in
2021-05-22 13:34:15 - INFO - new friend added
2021-05-22 13:34:42 - INFO - log in
2021-05-22 14:16:54 - INFO - log in
2021-05-24 16:13:43 - INFO - log in
2021-05-24 19:49:15 - INFO - log in
2021-05-24 19:57:44 - INFO - log in
2021-05-24 20:02:55 - INFO - log in
2021-05-24 20:04:34 - INFO - log in
2021-05-24 20:07:25 - INFO - log in
2021-05-24 21:03:44 - INFO - log in
2021-05-24 21:04:53 - INFO - log in
2021-05-24 21:06:18 - INFO - log in
2021-05-24 21:07:26 - INFO - log in
2021-05-24 21:08:51 - INFO - log in
2021-05-24 21:10:31 - INFO - log in
2021-05-24 21:11:55 - INFO - log in
2021-05-24 21:13:11 - INFO - log in
2021-05-24 21:59:53 - INFO - log in
2021-05-24 22:00:34 - INFO - log in
2021-05-24 22:08:14 - INFO - log in
2021-05-24 22:45:39 - INFO - log in
2021-05-24 22:50:49 - INFO - log in
2021-05-24 22:54:02 - INFO - log in
2021-05-24 22:54:35 - INFO - log in
2021-05-24 22:56:12 - INFO - log in
2021-05-24 22:57:02 - INFO - log in
2021-05-24 23:04:06 - INFO - log in
2021-05-24 23:11:57 - INFO - log in
2021-05-24 23:13:38 - INFO - log in
2021-05-24 23:56:59 - INFO - log in
2021-05-24 23:58:09 - INFO - log in
2021-05-25 00:01:56 - INFO - log in
2021-05-25 00:03:50 - INFO - log in
2021-05-25 00:27:41 - INFO - log in
2021-05-25 00:28:47 - INFO - log in
2021-05-25 00:31:42 - INFO - log in
2021-05-25 00:34:13 - INFO - log in
2021-05-25 00:38:37 - INFO - log in
2021-05-25 00:45:25 - INFO - created account
2021-05-25 00:45:34 - INFO - log in
2021-05-25 01:02:45 - INFO - created account
2021-05-25 01:09:06 - INFO - log in
2021-05-25 01:14:05 - INFO - log in
2021-05-25 01:35:15 - INFO - log in
2021-05-25 01:36:47 - INFO - log in
2021-05-25 01:38:44 - INFO - log in
2021-05-25 01:50:15 - INFO - log in
2021-05-25 01:51:35 - INFO - log in
2021-05-25 02:12:41 - INFO - log in
2021-05-25 02:29:53 - INFO - created account
2021-05-25 02:30:06 - INFO - log in
2021-05-25 02:30:51 - INFO - profile added
2021-05-25 02:31:29 - INFO - new friend added
2021-05-25 02:37:55 - INFO - log in
2021-05-25 02:39:08 - INFO - log in
2021-05-25 02:40:24 - INFO - profile added
2021-05-25 02:49:21 - ERROR - ERROR
NoneType: None
2021-05-25 02:49:40 - ERROR - ERROR
NoneType: None
2021-05-25 02:50:25 - ERROR - ERROR
NoneType: None
2021-05-25 02:50:45 - INFO - log in
2021-05-25 02:51:33 - INFO - log in
2021-05-25 03:01:44 - INFO - log in
2021-05-25 03:12:04 - INFO - log in
2021-05-25 03:12:17 - INFO - log in
2021-05-25 03:30:58 - ERROR - ERROR
NoneType: None
2021-05-25 03:31:13 - INFO - log in
2021-05-25 03:31:52 - ERROR - ERROR
NoneType: None
2021-05-25 03:32:13 - INFO - log in
2021-05-25 03:34:54 - INFO - log in
2021-05-25 03:47:56 - ERROR - ERROR
NoneType: None
2021-05-25 03:49:25 - ERROR - ERROR
NoneType: None
2021-05-25 03:54:12 - INFO - log in
2021-05-25 04:00:57 - INFO - log in
2021-05-25 04:02:20 - INFO - created account
2021-05-25 04:04:16 - INFO - created account
2021-05-25 04:04:30 - INFO - log in
2021-05-25 04:06:15 - INFO - log in
2021-05-25 04:07:15 - INFO - log in
2021-05-25 12:59:11 - INFO - created account
2021-05-25 12:59:18 - INFO - log in
2021-05-25 14:08:56 - INFO - log in
2021-05-25 14:12:40 - INFO - created account
2021-05-25 14:12:49 - INFO - log in
2021-05-25 14:13:52 - INFO - log in
2021-05-25 14:32:41 - INFO - log in
2021-05-25 14:32:56 - INFO - log in
2021-05-25 14:35:59 - INFO - log in
2021-05-25 14:36:12 - INFO - new friend added
